<?xml version="1.0" encoding="UTF-8"?>
<!-- Generated by org.testng.reporters.JUnitReportReporter -->
<testsuite hostname="desarollo" name="ci.TypeTest" tests="1" failures="0" timestamp="15 Dec 2015 00:22:50 GMT" time="0.452" errors="0">
  <testcase name="typeTest" time="0.452" classname="ci.TypeTest"/>
</testsuite> <!-- ci.TypeTest -->
