<?xml version="1.0" encoding="UTF-8"?>
<!-- Generated by org.testng.reporters.JUnitReportReporter -->
<testsuite hostname="desarollo" name="org.efaps.json.ci.TypeTest" tests="1" failures="0" timestamp="15 Dec 2015 00:33:54 GMT" time="59.209" errors="0">
  <testcase name="typeReadTest" time="59.209" classname="org.efaps.json.ci.TypeTest"/>
</testsuite> <!-- org.efaps.json.ci.TypeTest -->
